<?xml version="1.0" encoding="UTF-8"?>
<testng-results skipped="0" failed="0" ignored="0" total="1" passed="1">
  <reporter-output>
  </reporter-output>
  <suite name="Default suite" duration-ms="3052" started-at="2018-06-13T00:40:11Z" finished-at="2018-06-13T00:40:14Z">
    <groups>
    </groups>
    <test name="Default test" duration-ms="3052" started-at="2018-06-13T00:40:11Z" finished-at="2018-06-13T00:40:14Z">
      <class name="com.qa.rest.tests.GetCallBDD">
        <test-method status="PASS" signature="test_numberOfCircuits2017()[pri:0, instance:com.qa.rest.tests.GetCallBDD@1e88b3c]" name="test_numberOfCircuits2017" duration-ms="3004" started-at="2018-06-13T00:40:11Z" finished-at="2018-06-13T00:40:14Z">
          <reporter-output>
          </reporter-output>
        </test-method> <!-- test_numberOfCircuits2017 -->
      </class> <!-- com.qa.rest.tests.GetCallBDD -->
    </test> <!-- Default test -->
  </suite> <!-- Default suite -->
</testng-results>
